<?xml version="1.0" encoding="UTF-8"?>
<testng-results ignored="0" total="1" passed="1" failed="0" skipped="0">
  <reporter-output>
  </reporter-output>
  <suite started-at="2022-12-01T12:48:12 IST" name="Suite" finished-at="2022-12-01T12:48:22 IST" duration-ms="9204">
    <groups>
    </groups>
    <test started-at="2022-12-01T12:48:12 IST" name="Test" finished-at="2022-12-01T12:48:22 IST" duration-ms="9204">
      <class name="com.inetbanking.testCases.TC_LoginTest">
        <test-method is-config="true" signature="beforeSuite()[pri:0, instance:com.inetbanking.testCases.TC_LoginTest@235834f2]" started-at="2022-12-01T12:48:12 IST" name="beforeSuite" finished-at="2022-12-01T12:48:12 IST" duration-ms="200" status="PASS">
          <reporter-output>
          </reporter-output>
        </test-method> <!-- beforeSuite -->
        <test-method is-config="true" signature="beforeTest()[pri:0, instance:com.inetbanking.testCases.TC_LoginTest@235834f2]" started-at="2022-12-01T12:48:12 IST" name="beforeTest" finished-at="2022-12-01T12:48:12 IST" duration-ms="5" status="PASS">
          <reporter-output>
          </reporter-output>
        </test-method> <!-- beforeTest -->
        <test-method is-config="true" signature="setup()[pri:0, instance:com.inetbanking.testCases.TC_LoginTest@235834f2]" started-at="2022-12-01T12:48:12 IST" name="setup" finished-at="2022-12-01T12:48:18 IST" duration-ms="5151" status="PASS">
          <reporter-output>
          </reporter-output>
        </test-method> <!-- setup -->
        <test-method signature="LoginTest()[pri:0, instance:com.inetbanking.testCases.TC_LoginTest@235834f2]" started-at="2022-12-01T12:48:18 IST" name="LoginTest" finished-at="2022-12-01T12:48:21 IST" duration-ms="3430" status="PASS">
          <reporter-output>
          </reporter-output>
        </test-method> <!-- LoginTest -->
        <test-method is-config="true" signature="tearDown()[pri:0, instance:com.inetbanking.testCases.TC_LoginTest@235834f2]" started-at="2022-12-01T12:48:21 IST" name="tearDown" finished-at="2022-12-01T12:48:21 IST" duration-ms="238" status="PASS">
          <reporter-output>
          </reporter-output>
        </test-method> <!-- tearDown -->
        <test-method is-config="true" signature="afterTest()[pri:0, instance:com.inetbanking.testCases.TC_LoginTest@235834f2]" started-at="2022-12-01T12:48:21 IST" name="afterTest" finished-at="2022-12-01T12:48:22 IST" duration-ms="302" status="PASS">
          <reporter-output>
          </reporter-output>
        </test-method> <!-- afterTest -->
      </class> <!-- com.inetbanking.testCases.TC_LoginTest -->
    </test> <!-- Test -->
  </suite> <!-- Suite -->
</testng-results>
